<?xml version="1.0" encoding="UTF-8"?>
<!-- Generated by org.testng.reporters.JUnitReportReporter -->
<testsuite hostname="BNG112091YX473" failures="0" tests="1" name="TestVagrant.Assignment.MovieInfoTest" time="18.583" errors="0" timestamp="2022-12-09T13:36:49 IST" skipped="0">
  <testcase classname="TestVagrant.Assignment.MovieInfoTest" name="MovieInfoValidation" time="18.583"/>
  <system-out/>
</testsuite> <!-- TestVagrant.Assignment.MovieInfoTest -->
