<?xml version="1.0" encoding="UTF-8"?>
<!-- Generated by org.testng.reporters.JUnitReportReporter -->
<testsuite hostname="BNG112091YX473" failures="0" tests="1" name="com.Assignment.Tests.MovieInfoTest" time="18.544" errors="0" timestamp="2022-12-12T09:18:51 IST" skipped="0">
  <testcase classname="com.Assignment.Tests.MovieInfoTest" name="ValidateMovieInfo" time="18.544"/>
  <system-out/>
</testsuite> <!-- com.Assignment.Tests.MovieInfoTest -->
